<?xml version="1.0" encoding="UTF-8"?>
<testsuite xmlns:xsi="http://www.w3.org/2001/XMLSchema-instance" xsi:noNamespaceSchemaLocation="https://maven.apache.org/surefire/maven-surefire-plugin/xsd/surefire-test-report.xsd" name="test.CustomerTest" time="1.101" tests="4" errors="1" skipped="0" failures="0">
  <properties>
    <property name="sun.desktop" value="windows"/>
    <property name="awt.toolkit" value="sun.awt.windows.WToolkit"/>
    <property name="java.specification.version" value="12"/>
    <property name="sun.cpu.isalist" value="amd64"/>
    <property name="sun.jnu.encoding" value="Cp1252"/>
    <property name="java.class.path" value="C:\Users\stefan.tomasik\Documents\jerseywithspring\jerseydemo\target\test-classes;C:\Users\stefan.tomasik\Documents\jerseywithspring\jerseydemo\target\classes;C:\Users\stefan.tomasik\.m2\repository\org\springframework\boot\spring-boot-starter-jersey\2.1.1.RELEASE\spring-boot-starter-jersey-2.1.1.RELEASE.jar;C:\Users\stefan.tomasik\.m2\repository\org\springframework\boot\spring-boot-starter-json\2.1.1.RELEASE\spring-boot-starter-json-2.1.1.RELEASE.jar;C:\Users\stefan.tomasik\.m2\repository\com\fasterxml\jackson\core\jackson-databind\2.9.7\jackson-databind-2.9.7.jar;C:\Users\stefan.tomasik\.m2\repository\com\fasterxml\jackson\core\jackson-core\2.9.7\jackson-core-2.9.7.jar;C:\Users\stefan.tomasik\.m2\repository\com\fasterxml\jackson\datatype\jackson-datatype-jdk8\2.9.7\jackson-datatype-jdk8-2.9.7.jar;C:\Users\stefan.tomasik\.m2\repository\com\fasterxml\jackson\datatype\jackson-datatype-jsr310\2.9.7\jackson-datatype-jsr310-2.9.7.jar;C:\Users\stefan.tomasik\.m2\repository\com\fasterxml\jackson\module\jackson-module-parameter-names\2.9.7\jackson-module-parameter-names-2.9.7.jar;C:\Users\stefan.tomasik\.m2\repository\org\springframework\boot\spring-boot-starter-tomcat\2.1.1.RELEASE\spring-boot-starter-tomcat-2.1.1.RELEASE.jar;C:\Users\stefan.tomasik\.m2\repository\javax\annotation\javax.annotation-api\1.3.2\javax.annotation-api-1.3.2.jar;C:\Users\stefan.tomasik\.m2\repository\org\apache\tomcat\embed\tomcat-embed-core\9.0.13\tomcat-embed-core-9.0.13.jar;C:\Users\stefan.tomasik\.m2\repository\org\apache\tomcat\embed\tomcat-embed-el\9.0.13\tomcat-embed-el-9.0.13.jar;C:\Users\stefan.tomasik\.m2\repository\org\apache\tomcat\embed\tomcat-embed-websocket\9.0.13\tomcat-embed-websocket-9.0.13.jar;C:\Users\stefan.tomasik\.m2\repository\org\springframework\boot\spring-boot-starter-validation\2.1.1.RELEASE\spring-boot-starter-validation-2.1.1.RELEASE.jar;C:\Users\stefan.tomasik\.m2\repository\org\hibernate\validator\hibernate-validator\6.0.13.Final\hibernate-validator-6.0.13.Final.jar;C:\Users\stefan.tomasik\.m2\repository\org\springframework\spring-web\5.1.3.RELEASE\spring-web-5.1.3.RELEASE.jar;C:\Users\stefan.tomasik\.m2\repository\org\springframework\spring-beans\5.1.3.RELEASE\spring-beans-5.1.3.RELEASE.jar;C:\Users\stefan.tomasik\.m2\repository\org\glassfish\jersey\core\jersey-server\2.27\jersey-server-2.27.jar;C:\Users\stefan.tomasik\.m2\repository\org\glassfish\jersey\core\jersey-common\2.27\jersey-common-2.27.jar;C:\Users\stefan.tomasik\.m2\repository\org\glassfish\hk2\osgi-resource-locator\1.0.1\osgi-resource-locator-1.0.1.jar;C:\Users\stefan.tomasik\.m2\repository\org\glassfish\jersey\core\jersey-client\2.27\jersey-client-2.27.jar;C:\Users\stefan.tomasik\.m2\repository\javax\ws\rs\javax.ws.rs-api\2.1\javax.ws.rs-api-2.1.jar;C:\Users\stefan.tomasik\.m2\repository\org\glassfish\jersey\media\jersey-media-jaxb\2.27\jersey-media-jaxb-2.27.jar;C:\Users\stefan.tomasik\.m2\repository\javax\validation\validation-api\2.0.1.Final\validation-api-2.0.1.Final.jar;C:\Users\stefan.tomasik\.m2\repository\org\glassfish\jersey\containers\jersey-container-servlet-core\2.27\jersey-container-servlet-core-2.27.jar;C:\Users\stefan.tomasik\.m2\repository\org\glassfish\jersey\containers\jersey-container-servlet\2.27\jersey-container-servlet-2.27.jar;C:\Users\stefan.tomasik\.m2\repository\org\glassfish\jersey\ext\jersey-bean-validation\2.27\jersey-bean-validation-2.27.jar;C:\Users\stefan.tomasik\.m2\repository\org\glassfish\jersey\ext\jersey-spring4\2.27\jersey-spring4-2.27.jar;C:\Users\stefan.tomasik\.m2\repository\org\glassfish\jersey\inject\jersey-hk2\2.27\jersey-hk2-2.27.jar;C:\Users\stefan.tomasik\.m2\repository\org\glassfish\hk2\hk2-locator\2.5.0-b42\hk2-locator-2.5.0-b42.jar;C:\Users\stefan.tomasik\.m2\repository\org\glassfish\hk2\external\aopalliance-repackaged\2.5.0-b42\aopalliance-repackaged-2.5.0-b42.jar;C:\Users\stefan.tomasik\.m2\repository\org\glassfish\hk2\hk2\2.5.0-b42\hk2-2.5.0-b42.jar;C:\Users\stefan.tomasik\.m2\repository\org\glassfish\hk2\hk2-utils\2.5.0-b42\hk2-utils-2.5.0-b42.jar;C:\Users\stefan.tomasik\.m2\repository\javax\inject\javax.inject\1\javax.inject-1.jar;C:\Users\stefan.tomasik\.m2\repository\org\glassfish\hk2\hk2-api\2.5.0-b42\hk2-api-2.5.0-b42.jar;C:\Users\stefan.tomasik\.m2\repository\org\glassfish\hk2\config-types\2.5.0-b42\config-types-2.5.0-b42.jar;C:\Users\stefan.tomasik\.m2\repository\org\glassfish\hk2\hk2-core\2.5.0-b42\hk2-core-2.5.0-b42.jar;C:\Users\stefan.tomasik\.m2\repository\org\glassfish\hk2\hk2-config\2.5.0-b42\hk2-config-2.5.0-b42.jar;C:\Users\stefan.tomasik\.m2\repository\org\glassfish\hk2\hk2-runlevel\2.5.0-b42\hk2-runlevel-2.5.0-b42.jar;C:\Users\stefan.tomasik\.m2\repository\org\glassfish\hk2\class-model\2.5.0-b42\class-model-2.5.0-b42.jar;C:\Users\stefan.tomasik\.m2\repository\org\glassfish\hk2\external\asm-all-repackaged\2.5.0-b42\asm-all-repackaged-2.5.0-b42.jar;C:\Users\stefan.tomasik\.m2\repository\org\glassfish\hk2\spring-bridge\2.5.0-b42\spring-bridge-2.5.0-b42.jar;C:\Users\stefan.tomasik\.m2\repository\org\springframework\spring-aop\5.1.3.RELEASE\spring-aop-5.1.3.RELEASE.jar;C:\Users\stefan.tomasik\.m2\repository\org\glassfish\jersey\media\jersey-media-json-jackson\2.27\jersey-media-json-jackson-2.27.jar;C:\Users\stefan.tomasik\.m2\repository\org\glassfish\jersey\ext\jersey-entity-filtering\2.27\jersey-entity-filtering-2.27.jar;C:\Users\stefan.tomasik\.m2\repository\com\fasterxml\jackson\core\jackson-annotations\2.9.0\jackson-annotations-2.9.0.jar;C:\Users\stefan.tomasik\.m2\repository\com\fasterxml\jackson\module\jackson-module-jaxb-annotations\2.9.7\jackson-module-jaxb-annotations-2.9.7.jar;C:\Users\stefan.tomasik\.m2\repository\org\postgresql\postgresql\42.2.8\postgresql-42.2.8.jar;C:\Users\stefan.tomasik\.m2\repository\javax\xml\jaxb-impl\2.1\jaxb-impl-2.1.jar;C:\Users\stefan.tomasik\.m2\repository\org\hibernate\hibernate-core\5.2.9.Final\hibernate-core-5.2.9.Final.jar;C:\Users\stefan.tomasik\.m2\repository\org\jboss\logging\jboss-logging\3.3.2.Final\jboss-logging-3.3.2.Final.jar;C:\Users\stefan.tomasik\.m2\repository\org\hibernate\javax\persistence\hibernate-jpa-2.1-api\1.0.0.Final\hibernate-jpa-2.1-api-1.0.0.Final.jar;C:\Users\stefan.tomasik\.m2\repository\org\javassist\javassist\3.20.0-GA\javassist-3.20.0-GA.jar;C:\Users\stefan.tomasik\.m2\repository\antlr\antlr\2.7.7\antlr-2.7.7.jar;C:\Users\stefan.tomasik\.m2\repository\org\jboss\spec\javax\transaction\jboss-transaction-api_1.2_spec\1.0.1.Final\jboss-transaction-api_1.2_spec-1.0.1.Final.jar;C:\Users\stefan.tomasik\.m2\repository\org\jboss\jandex\2.0.3.Final\jandex-2.0.3.Final.jar;C:\Users\stefan.tomasik\.m2\repository\com\fasterxml\classmate\1.4.0\classmate-1.4.0.jar;C:\Users\stefan.tomasik\.m2\repository\dom4j\dom4j\1.6.1\dom4j-1.6.1.jar;C:\Users\stefan.tomasik\.m2\repository\org\hibernate\common\hibernate-commons-annotations\5.0.1.Final\hibernate-commons-annotations-5.0.1.Final.jar;C:\Users\stefan.tomasik\.m2\repository\org\springframework\boot\spring-boot-starter-data-jpa\2.1.1.RELEASE\spring-boot-starter-data-jpa-2.1.1.RELEASE.jar;C:\Users\stefan.tomasik\.m2\repository\org\springframework\boot\spring-boot-starter-aop\2.1.1.RELEASE\spring-boot-starter-aop-2.1.1.RELEASE.jar;C:\Users\stefan.tomasik\.m2\repository\org\aspectj\aspectjweaver\1.9.2\aspectjweaver-1.9.2.jar;C:\Users\stefan.tomasik\.m2\repository\org\springframework\boot\spring-boot-starter-jdbc\2.1.1.RELEASE\spring-boot-starter-jdbc-2.1.1.RELEASE.jar;C:\Users\stefan.tomasik\.m2\repository\com\zaxxer\HikariCP\3.2.0\HikariCP-3.2.0.jar;C:\Users\stefan.tomasik\.m2\repository\org\springframework\spring-jdbc\5.1.3.RELEASE\spring-jdbc-5.1.3.RELEASE.jar;C:\Users\stefan.tomasik\.m2\repository\javax\transaction\javax.transaction-api\1.3\javax.transaction-api-1.3.jar;C:\Users\stefan.tomasik\.m2\repository\org\springframework\data\spring-data-jpa\2.1.3.RELEASE\spring-data-jpa-2.1.3.RELEASE.jar;C:\Users\stefan.tomasik\.m2\repository\org\springframework\data\spring-data-commons\2.1.3.RELEASE\spring-data-commons-2.1.3.RELEASE.jar;C:\Users\stefan.tomasik\.m2\repository\org\springframework\spring-orm\5.1.3.RELEASE\spring-orm-5.1.3.RELEASE.jar;C:\Users\stefan.tomasik\.m2\repository\org\springframework\spring-context\5.1.3.RELEASE\spring-context-5.1.3.RELEASE.jar;C:\Users\stefan.tomasik\.m2\repository\org\springframework\spring-expression\5.1.3.RELEASE\spring-expression-5.1.3.RELEASE.jar;C:\Users\stefan.tomasik\.m2\repository\org\springframework\spring-tx\5.1.3.RELEASE\spring-tx-5.1.3.RELEASE.jar;C:\Users\stefan.tomasik\.m2\repository\org\slf4j\slf4j-api\1.7.25\slf4j-api-1.7.25.jar;C:\Users\stefan.tomasik\.m2\repository\org\springframework\spring-aspects\5.1.3.RELEASE\spring-aspects-5.1.3.RELEASE.jar;C:\Users\stefan.tomasik\.m2\repository\javax\xml\bind\jaxb-api\2.3.0\jaxb-api-2.3.0.jar;C:\Users\stefan.tomasik\.m2\repository\javax\activation\activation\1.1.1\activation-1.1.1.jar;C:\Users\stefan.tomasik\.m2\repository\com\googlecode\json-simple\json-simple\1.1.1\json-simple-1.1.1.jar;C:\Users\stefan.tomasik\.m2\repository\junit\junit\4.12\junit-4.12.jar;C:\Users\stefan.tomasik\.m2\repository\org\springframework\boot\spring-boot-starter-test\2.1.1.RELEASE\spring-boot-starter-test-2.1.1.RELEASE.jar;C:\Users\stefan.tomasik\.m2\repository\org\springframework\boot\spring-boot-starter\2.1.1.RELEASE\spring-boot-starter-2.1.1.RELEASE.jar;C:\Users\stefan.tomasik\.m2\repository\org\springframework\boot\spring-boot-autoconfigure\2.1.1.RELEASE\spring-boot-autoconfigure-2.1.1.RELEASE.jar;C:\Users\stefan.tomasik\.m2\repository\org\springframework\boot\spring-boot-starter-logging\2.1.1.RELEASE\spring-boot-starter-logging-2.1.1.RELEASE.jar;C:\Users\stefan.tomasik\.m2\repository\ch\qos\logback\logback-classic\1.2.3\logback-classic-1.2.3.jar;C:\Users\stefan.tomasik\.m2\repository\ch\qos\logback\logback-core\1.2.3\logback-core-1.2.3.jar;C:\Users\stefan.tomasik\.m2\repository\org\apache\logging\log4j\log4j-to-slf4j\2.11.1\log4j-to-slf4j-2.11.1.jar;C:\Users\stefan.tomasik\.m2\repository\org\apache\logging\log4j\log4j-api\2.11.1\log4j-api-2.11.1.jar;C:\Users\stefan.tomasik\.m2\repository\org\slf4j\jul-to-slf4j\1.7.25\jul-to-slf4j-1.7.25.jar;C:\Users\stefan.tomasik\.m2\repository\org\yaml\snakeyaml\1.23\snakeyaml-1.23.jar;C:\Users\stefan.tomasik\.m2\repository\org\springframework\boot\spring-boot-test-autoconfigure\2.1.1.RELEASE\spring-boot-test-autoconfigure-2.1.1.RELEASE.jar;C:\Users\stefan.tomasik\.m2\repository\com\jayway\jsonpath\json-path\2.4.0\json-path-2.4.0.jar;C:\Users\stefan.tomasik\.m2\repository\net\minidev\json-smart\2.3\json-smart-2.3.jar;C:\Users\stefan.tomasik\.m2\repository\net\minidev\accessors-smart\1.2\accessors-smart-1.2.jar;C:\Users\stefan.tomasik\.m2\repository\org\ow2\asm\asm\5.0.4\asm-5.0.4.jar;C:\Users\stefan.tomasik\.m2\repository\org\assertj\assertj-core\3.11.1\assertj-core-3.11.1.jar;C:\Users\stefan.tomasik\.m2\repository\org\mockito\mockito-core\2.23.4\mockito-core-2.23.4.jar;C:\Users\stefan.tomasik\.m2\repository\net\bytebuddy\byte-buddy\1.9.5\byte-buddy-1.9.5.jar;C:\Users\stefan.tomasik\.m2\repository\net\bytebuddy\byte-buddy-agent\1.9.5\byte-buddy-agent-1.9.5.jar;C:\Users\stefan.tomasik\.m2\repository\org\objenesis\objenesis\2.6\objenesis-2.6.jar;C:\Users\stefan.tomasik\.m2\repository\org\hamcrest\hamcrest-core\1.3\hamcrest-core-1.3.jar;C:\Users\stefan.tomasik\.m2\repository\org\hamcrest\hamcrest-library\1.3\hamcrest-library-1.3.jar;C:\Users\stefan.tomasik\.m2\repository\org\skyscreamer\jsonassert\1.5.0\jsonassert-1.5.0.jar;C:\Users\stefan.tomasik\.m2\repository\com\vaadin\external\google\android-json\0.0.20131108.vaadin1\android-json-0.0.20131108.vaadin1.jar;C:\Users\stefan.tomasik\.m2\repository\org\springframework\spring-core\5.1.3.RELEASE\spring-core-5.1.3.RELEASE.jar;C:\Users\stefan.tomasik\.m2\repository\org\springframework\spring-jcl\5.1.3.RELEASE\spring-jcl-5.1.3.RELEASE.jar;C:\Users\stefan.tomasik\.m2\repository\org\springframework\spring-test\5.1.3.RELEASE\spring-test-5.1.3.RELEASE.jar;C:\Users\stefan.tomasik\.m2\repository\org\xmlunit\xmlunit-core\2.6.2\xmlunit-core-2.6.2.jar;C:\Users\stefan.tomasik\.m2\repository\org\junit\jupiter\junit-jupiter-params\5.3.2\junit-jupiter-params-5.3.2.jar;C:\Users\stefan.tomasik\.m2\repository\org\apiguardian\apiguardian-api\1.0.0\apiguardian-api-1.0.0.jar;C:\Users\stefan.tomasik\.m2\repository\org\junit\jupiter\junit-jupiter-engine\5.3.2\junit-jupiter-engine-5.3.2.jar;C:\Users\stefan.tomasik\.m2\repository\org\junit\platform\junit-platform-engine\1.3.2\junit-platform-engine-1.3.2.jar;C:\Users\stefan.tomasik\.m2\repository\org\junit\jupiter\junit-jupiter-api\5.3.2\junit-jupiter-api-5.3.2.jar;C:\Users\stefan.tomasik\.m2\repository\org\opentest4j\opentest4j\1.1.1\opentest4j-1.1.1.jar;C:\Users\stefan.tomasik\.m2\repository\org\junit\platform\junit-platform-commons\1.3.2\junit-platform-commons-1.3.2.jar;C:\Users\stefan.tomasik\.m2\repository\org\mockito\mockito-junit-jupiter\2.23.4\mockito-junit-jupiter-2.23.4.jar;C:\Users\stefan.tomasik\.m2\repository\org\springframework\boot\spring-boot-test\1.4.7.RELEASE\spring-boot-test-1.4.7.RELEASE.jar;C:\Users\stefan.tomasik\.m2\repository\org\springframework\boot\spring-boot\2.1.1.RELEASE\spring-boot-2.1.1.RELEASE.jar;C:\Users\stefan.tomasik\.m2\repository\org\junit\junit5-api\5.0.0-ALPHA\junit5-api-5.0.0-ALPHA.jar;C:\Users\stefan.tomasik\.m2\repository\org\junit\junit-commons\5.0.0-ALPHA\junit-commons-5.0.0-ALPHA.jar;"/>
    <property name="java.vm.vendor" value="Oracle Corporation"/>
    <property name="sun.arch.data.model" value="64"/>
    <property name="user.variant" value=""/>
    <property name="java.vendor.url" value="https://java.oracle.com/"/>
    <property name="user.timezone" value="Europe/Budapest"/>
    <property name="os.name" value="Windows 10"/>
    <property name="java.vm.specification.version" value="12"/>
    <property name="user.country" value="US"/>
    <property name="sun.java.launcher" value="SUN_STANDARD"/>
    <property name="sun.boot.library.path" value="C:\Projects\Java\jdk-12.0.2\bin"/>
    <property name="sun.java.command" value="C:\Users\STEFAN~1.TOM\AppData\Local\Temp\surefire2776659725561620623\surefirebooter14814546148637325321.jar C:\Users\stefan.tomasik\AppData\Local\Temp\surefire2776659725561620623 2019-12-16T14-45-03_633-jvmRun1 surefire1136211924959824124tmp surefire_017474043615974990209tmp"/>
    <property name="jdk.debug" value="release"/>
    <property name="surefire.test.class.path" value="C:\Users\stefan.tomasik\Documents\jerseywithspring\jerseydemo\target\test-classes;C:\Users\stefan.tomasik\Documents\jerseywithspring\jerseydemo\target\classes;C:\Users\stefan.tomasik\.m2\repository\org\springframework\boot\spring-boot-starter-jersey\2.1.1.RELEASE\spring-boot-starter-jersey-2.1.1.RELEASE.jar;C:\Users\stefan.tomasik\.m2\repository\org\springframework\boot\spring-boot-starter-json\2.1.1.RELEASE\spring-boot-starter-json-2.1.1.RELEASE.jar;C:\Users\stefan.tomasik\.m2\repository\com\fasterxml\jackson\core\jackson-databind\2.9.7\jackson-databind-2.9.7.jar;C:\Users\stefan.tomasik\.m2\repository\com\fasterxml\jackson\core\jackson-core\2.9.7\jackson-core-2.9.7.jar;C:\Users\stefan.tomasik\.m2\repository\com\fasterxml\jackson\datatype\jackson-datatype-jdk8\2.9.7\jackson-datatype-jdk8-2.9.7.jar;C:\Users\stefan.tomasik\.m2\repository\com\fasterxml\jackson\datatype\jackson-datatype-jsr310\2.9.7\jackson-datatype-jsr310-2.9.7.jar;C:\Users\stefan.tomasik\.m2\repository\com\fasterxml\jackson\module\jackson-module-parameter-names\2.9.7\jackson-module-parameter-names-2.9.7.jar;C:\Users\stefan.tomasik\.m2\repository\org\springframework\boot\spring-boot-starter-tomcat\2.1.1.RELEASE\spring-boot-starter-tomcat-2.1.1.RELEASE.jar;C:\Users\stefan.tomasik\.m2\repository\javax\annotation\javax.annotation-api\1.3.2\javax.annotation-api-1.3.2.jar;C:\Users\stefan.tomasik\.m2\repository\org\apache\tomcat\embed\tomcat-embed-core\9.0.13\tomcat-embed-core-9.0.13.jar;C:\Users\stefan.tomasik\.m2\repository\org\apache\tomcat\embed\tomcat-embed-el\9.0.13\tomcat-embed-el-9.0.13.jar;C:\Users\stefan.tomasik\.m2\repository\org\apache\tomcat\embed\tomcat-embed-websocket\9.0.13\tomcat-embed-websocket-9.0.13.jar;C:\Users\stefan.tomasik\.m2\repository\org\springframework\boot\spring-boot-starter-validation\2.1.1.RELEASE\spring-boot-starter-validation-2.1.1.RELEASE.jar;C:\Users\stefan.tomasik\.m2\repository\org\hibernate\validator\hibernate-validator\6.0.13.Final\hibernate-validator-6.0.13.Final.jar;C:\Users\stefan.tomasik\.m2\repository\org\springframework\spring-web\5.1.3.RELEASE\spring-web-5.1.3.RELEASE.jar;C:\Users\stefan.tomasik\.m2\repository\org\springframework\spring-beans\5.1.3.RELEASE\spring-beans-5.1.3.RELEASE.jar;C:\Users\stefan.tomasik\.m2\repository\org\glassfish\jersey\core\jersey-server\2.27\jersey-server-2.27.jar;C:\Users\stefan.tomasik\.m2\repository\org\glassfish\jersey\core\jersey-common\2.27\jersey-common-2.27.jar;C:\Users\stefan.tomasik\.m2\repository\org\glassfish\hk2\osgi-resource-locator\1.0.1\osgi-resource-locator-1.0.1.jar;C:\Users\stefan.tomasik\.m2\repository\org\glassfish\jersey\core\jersey-client\2.27\jersey-client-2.27.jar;C:\Users\stefan.tomasik\.m2\repository\javax\ws\rs\javax.ws.rs-api\2.1\javax.ws.rs-api-2.1.jar;C:\Users\stefan.tomasik\.m2\repository\org\glassfish\jersey\media\jersey-media-jaxb\2.27\jersey-media-jaxb-2.27.jar;C:\Users\stefan.tomasik\.m2\repository\javax\validation\validation-api\2.0.1.Final\validation-api-2.0.1.Final.jar;C:\Users\stefan.tomasik\.m2\repository\org\glassfish\jersey\containers\jersey-container-servlet-core\2.27\jersey-container-servlet-core-2.27.jar;C:\Users\stefan.tomasik\.m2\repository\org\glassfish\jersey\containers\jersey-container-servlet\2.27\jersey-container-servlet-2.27.jar;C:\Users\stefan.tomasik\.m2\repository\org\glassfish\jersey\ext\jersey-bean-validation\2.27\jersey-bean-validation-2.27.jar;C:\Users\stefan.tomasik\.m2\repository\org\glassfish\jersey\ext\jersey-spring4\2.27\jersey-spring4-2.27.jar;C:\Users\stefan.tomasik\.m2\repository\org\glassfish\jersey\inject\jersey-hk2\2.27\jersey-hk2-2.27.jar;C:\Users\stefan.tomasik\.m2\repository\org\glassfish\hk2\hk2-locator\2.5.0-b42\hk2-locator-2.5.0-b42.jar;C:\Users\stefan.tomasik\.m2\repository\org\glassfish\hk2\external\aopalliance-repackaged\2.5.0-b42\aopalliance-repackaged-2.5.0-b42.jar;C:\Users\stefan.tomasik\.m2\repository\org\glassfish\hk2\hk2\2.5.0-b42\hk2-2.5.0-b42.jar;C:\Users\stefan.tomasik\.m2\repository\org\glassfish\hk2\hk2-utils\2.5.0-b42\hk2-utils-2.5.0-b42.jar;C:\Users\stefan.tomasik\.m2\repository\javax\inject\javax.inject\1\javax.inject-1.jar;C:\Users\stefan.tomasik\.m2\repository\org\glassfish\hk2\hk2-api\2.5.0-b42\hk2-api-2.5.0-b42.jar;C:\Users\stefan.tomasik\.m2\repository\org\glassfish\hk2\config-types\2.5.0-b42\config-types-2.5.0-b42.jar;C:\Users\stefan.tomasik\.m2\repository\org\glassfish\hk2\hk2-core\2.5.0-b42\hk2-core-2.5.0-b42.jar;C:\Users\stefan.tomasik\.m2\repository\org\glassfish\hk2\hk2-config\2.5.0-b42\hk2-config-2.5.0-b42.jar;C:\Users\stefan.tomasik\.m2\repository\org\glassfish\hk2\hk2-runlevel\2.5.0-b42\hk2-runlevel-2.5.0-b42.jar;C:\Users\stefan.tomasik\.m2\repository\org\glassfish\hk2\class-model\2.5.0-b42\class-model-2.5.0-b42.jar;C:\Users\stefan.tomasik\.m2\repository\org\glassfish\hk2\external\asm-all-repackaged\2.5.0-b42\asm-all-repackaged-2.5.0-b42.jar;C:\Users\stefan.tomasik\.m2\repository\org\glassfish\hk2\spring-bridge\2.5.0-b42\spring-bridge-2.5.0-b42.jar;C:\Users\stefan.tomasik\.m2\repository\org\springframework\spring-aop\5.1.3.RELEASE\spring-aop-5.1.3.RELEASE.jar;C:\Users\stefan.tomasik\.m2\repository\org\glassfish\jersey\media\jersey-media-json-jackson\2.27\jersey-media-json-jackson-2.27.jar;C:\Users\stefan.tomasik\.m2\repository\org\glassfish\jersey\ext\jersey-entity-filtering\2.27\jersey-entity-filtering-2.27.jar;C:\Users\stefan.tomasik\.m2\repository\com\fasterxml\jackson\core\jackson-annotations\2.9.0\jackson-annotations-2.9.0.jar;C:\Users\stefan.tomasik\.m2\repository\com\fasterxml\jackson\module\jackson-module-jaxb-annotations\2.9.7\jackson-module-jaxb-annotations-2.9.7.jar;C:\Users\stefan.tomasik\.m2\repository\org\postgresql\postgresql\42.2.8\postgresql-42.2.8.jar;C:\Users\stefan.tomasik\.m2\repository\javax\xml\jaxb-impl\2.1\jaxb-impl-2.1.jar;C:\Users\stefan.tomasik\.m2\repository\org\hibernate\hibernate-core\5.2.9.Final\hibernate-core-5.2.9.Final.jar;C:\Users\stefan.tomasik\.m2\repository\org\jboss\logging\jboss-logging\3.3.2.Final\jboss-logging-3.3.2.Final.jar;C:\Users\stefan.tomasik\.m2\repository\org\hibernate\javax\persistence\hibernate-jpa-2.1-api\1.0.0.Final\hibernate-jpa-2.1-api-1.0.0.Final.jar;C:\Users\stefan.tomasik\.m2\repository\org\javassist\javassist\3.20.0-GA\javassist-3.20.0-GA.jar;C:\Users\stefan.tomasik\.m2\repository\antlr\antlr\2.7.7\antlr-2.7.7.jar;C:\Users\stefan.tomasik\.m2\repository\org\jboss\spec\javax\transaction\jboss-transaction-api_1.2_spec\1.0.1.Final\jboss-transaction-api_1.2_spec-1.0.1.Final.jar;C:\Users\stefan.tomasik\.m2\repository\org\jboss\jandex\2.0.3.Final\jandex-2.0.3.Final.jar;C:\Users\stefan.tomasik\.m2\repository\com\fasterxml\classmate\1.4.0\classmate-1.4.0.jar;C:\Users\stefan.tomasik\.m2\repository\dom4j\dom4j\1.6.1\dom4j-1.6.1.jar;C:\Users\stefan.tomasik\.m2\repository\org\hibernate\common\hibernate-commons-annotations\5.0.1.Final\hibernate-commons-annotations-5.0.1.Final.jar;C:\Users\stefan.tomasik\.m2\repository\org\springframework\boot\spring-boot-starter-data-jpa\2.1.1.RELEASE\spring-boot-starter-data-jpa-2.1.1.RELEASE.jar;C:\Users\stefan.tomasik\.m2\repository\org\springframework\boot\spring-boot-starter-aop\2.1.1.RELEASE\spring-boot-starter-aop-2.1.1.RELEASE.jar;C:\Users\stefan.tomasik\.m2\repository\org\aspectj\aspectjweaver\1.9.2\aspectjweaver-1.9.2.jar;C:\Users\stefan.tomasik\.m2\repository\org\springframework\boot\spring-boot-starter-jdbc\2.1.1.RELEASE\spring-boot-starter-jdbc-2.1.1.RELEASE.jar;C:\Users\stefan.tomasik\.m2\repository\com\zaxxer\HikariCP\3.2.0\HikariCP-3.2.0.jar;C:\Users\stefan.tomasik\.m2\repository\org\springframework\spring-jdbc\5.1.3.RELEASE\spring-jdbc-5.1.3.RELEASE.jar;C:\Users\stefan.tomasik\.m2\repository\javax\transaction\javax.transaction-api\1.3\javax.transaction-api-1.3.jar;C:\Users\stefan.tomasik\.m2\repository\org\springframework\data\spring-data-jpa\2.1.3.RELEASE\spring-data-jpa-2.1.3.RELEASE.jar;C:\Users\stefan.tomasik\.m2\repository\org\springframework\data\spring-data-commons\2.1.3.RELEASE\spring-data-commons-2.1.3.RELEASE.jar;C:\Users\stefan.tomasik\.m2\repository\org\springframework\spring-orm\5.1.3.RELEASE\spring-orm-5.1.3.RELEASE.jar;C:\Users\stefan.tomasik\.m2\repository\org\springframework\spring-context\5.1.3.RELEASE\spring-context-5.1.3.RELEASE.jar;C:\Users\stefan.tomasik\.m2\repository\org\springframework\spring-expression\5.1.3.RELEASE\spring-expression-5.1.3.RELEASE.jar;C:\Users\stefan.tomasik\.m2\repository\org\springframework\spring-tx\5.1.3.RELEASE\spring-tx-5.1.3.RELEASE.jar;C:\Users\stefan.tomasik\.m2\repository\org\slf4j\slf4j-api\1.7.25\slf4j-api-1.7.25.jar;C:\Users\stefan.tomasik\.m2\repository\org\springframework\spring-aspects\5.1.3.RELEASE\spring-aspects-5.1.3.RELEASE.jar;C:\Users\stefan.tomasik\.m2\repository\javax\xml\bind\jaxb-api\2.3.0\jaxb-api-2.3.0.jar;C:\Users\stefan.tomasik\.m2\repository\javax\activation\activation\1.1.1\activation-1.1.1.jar;C:\Users\stefan.tomasik\.m2\repository\com\googlecode\json-simple\json-simple\1.1.1\json-simple-1.1.1.jar;C:\Users\stefan.tomasik\.m2\repository\junit\junit\4.12\junit-4.12.jar;C:\Users\stefan.tomasik\.m2\repository\org\springframework\boot\spring-boot-starter-test\2.1.1.RELEASE\spring-boot-starter-test-2.1.1.RELEASE.jar;C:\Users\stefan.tomasik\.m2\repository\org\springframework\boot\spring-boot-starter\2.1.1.RELEASE\spring-boot-starter-2.1.1.RELEASE.jar;C:\Users\stefan.tomasik\.m2\repository\org\springframework\boot\spring-boot-autoconfigure\2.1.1.RELEASE\spring-boot-autoconfigure-2.1.1.RELEASE.jar;C:\Users\stefan.tomasik\.m2\repository\org\springframework\boot\spring-boot-starter-logging\2.1.1.RELEASE\spring-boot-starter-logging-2.1.1.RELEASE.jar;C:\Users\stefan.tomasik\.m2\repository\ch\qos\logback\logback-classic\1.2.3\logback-classic-1.2.3.jar;C:\Users\stefan.tomasik\.m2\repository\ch\qos\logback\logback-core\1.2.3\logback-core-1.2.3.jar;C:\Users\stefan.tomasik\.m2\repository\org\apache\logging\log4j\log4j-to-slf4j\2.11.1\log4j-to-slf4j-2.11.1.jar;C:\Users\stefan.tomasik\.m2\repository\org\apache\logging\log4j\log4j-api\2.11.1\log4j-api-2.11.1.jar;C:\Users\stefan.tomasik\.m2\repository\org\slf4j\jul-to-slf4j\1.7.25\jul-to-slf4j-1.7.25.jar;C:\Users\stefan.tomasik\.m2\repository\org\yaml\snakeyaml\1.23\snakeyaml-1.23.jar;C:\Users\stefan.tomasik\.m2\repository\org\springframework\boot\spring-boot-test-autoconfigure\2.1.1.RELEASE\spring-boot-test-autoconfigure-2.1.1.RELEASE.jar;C:\Users\stefan.tomasik\.m2\repository\com\jayway\jsonpath\json-path\2.4.0\json-path-2.4.0.jar;C:\Users\stefan.tomasik\.m2\repository\net\minidev\json-smart\2.3\json-smart-2.3.jar;C:\Users\stefan.tomasik\.m2\repository\net\minidev\accessors-smart\1.2\accessors-smart-1.2.jar;C:\Users\stefan.tomasik\.m2\repository\org\ow2\asm\asm\5.0.4\asm-5.0.4.jar;C:\Users\stefan.tomasik\.m2\repository\org\assertj\assertj-core\3.11.1\assertj-core-3.11.1.jar;C:\Users\stefan.tomasik\.m2\repository\org\mockito\mockito-core\2.23.4\mockito-core-2.23.4.jar;C:\Users\stefan.tomasik\.m2\repository\net\bytebuddy\byte-buddy\1.9.5\byte-buddy-1.9.5.jar;C:\Users\stefan.tomasik\.m2\repository\net\bytebuddy\byte-buddy-agent\1.9.5\byte-buddy-agent-1.9.5.jar;C:\Users\stefan.tomasik\.m2\repository\org\objenesis\objenesis\2.6\objenesis-2.6.jar;C:\Users\stefan.tomasik\.m2\repository\org\hamcrest\hamcrest-core\1.3\hamcrest-core-1.3.jar;C:\Users\stefan.tomasik\.m2\repository\org\hamcrest\hamcrest-library\1.3\hamcrest-library-1.3.jar;C:\Users\stefan.tomasik\.m2\repository\org\skyscreamer\jsonassert\1.5.0\jsonassert-1.5.0.jar;C:\Users\stefan.tomasik\.m2\repository\com\vaadin\external\google\android-json\0.0.20131108.vaadin1\android-json-0.0.20131108.vaadin1.jar;C:\Users\stefan.tomasik\.m2\repository\org\springframework\spring-core\5.1.3.RELEASE\spring-core-5.1.3.RELEASE.jar;C:\Users\stefan.tomasik\.m2\repository\org\springframework\spring-jcl\5.1.3.RELEASE\spring-jcl-5.1.3.RELEASE.jar;C:\Users\stefan.tomasik\.m2\repository\org\springframework\spring-test\5.1.3.RELEASE\spring-test-5.1.3.RELEASE.jar;C:\Users\stefan.tomasik\.m2\repository\org\xmlunit\xmlunit-core\2.6.2\xmlunit-core-2.6.2.jar;C:\Users\stefan.tomasik\.m2\repository\org\junit\jupiter\junit-jupiter-params\5.3.2\junit-jupiter-params-5.3.2.jar;C:\Users\stefan.tomasik\.m2\repository\org\apiguardian\apiguardian-api\1.0.0\apiguardian-api-1.0.0.jar;C:\Users\stefan.tomasik\.m2\repository\org\junit\jupiter\junit-jupiter-engine\5.3.2\junit-jupiter-engine-5.3.2.jar;C:\Users\stefan.tomasik\.m2\repository\org\junit\platform\junit-platform-engine\1.3.2\junit-platform-engine-1.3.2.jar;C:\Users\stefan.tomasik\.m2\repository\org\junit\jupiter\junit-jupiter-api\5.3.2\junit-jupiter-api-5.3.2.jar;C:\Users\stefan.tomasik\.m2\repository\org\opentest4j\opentest4j\1.1.1\opentest4j-1.1.1.jar;C:\Users\stefan.tomasik\.m2\repository\org\junit\platform\junit-platform-commons\1.3.2\junit-platform-commons-1.3.2.jar;C:\Users\stefan.tomasik\.m2\repository\org\mockito\mockito-junit-jupiter\2.23.4\mockito-junit-jupiter-2.23.4.jar;C:\Users\stefan.tomasik\.m2\repository\org\springframework\boot\spring-boot-test\1.4.7.RELEASE\spring-boot-test-1.4.7.RELEASE.jar;C:\Users\stefan.tomasik\.m2\repository\org\springframework\boot\spring-boot\2.1.1.RELEASE\spring-boot-2.1.1.RELEASE.jar;C:\Users\stefan.tomasik\.m2\repository\org\junit\junit5-api\5.0.0-ALPHA\junit5-api-5.0.0-ALPHA.jar;C:\Users\stefan.tomasik\.m2\repository\org\junit\junit-commons\5.0.0-ALPHA\junit-commons-5.0.0-ALPHA.jar;"/>
    <property name="sun.cpu.endian" value="little"/>
    <property name="user.home" value="C:\Users\stefan.tomasik"/>
    <property name="user.language" value="en"/>
    <property name="java.specification.vendor" value="Oracle Corporation"/>
    <property name="java.version.date" value="2019-07-16"/>
    <property name="java.home" value="C:\Projects\Java\jdk-12.0.2"/>
    <property name="file.separator" value="\"/>
    <property name="basedir" value="C:\Users\stefan.tomasik\Documents\jerseywithspring\jerseydemo"/>
    <property name="java.vm.compressedOopsMode" value="Zero based"/>
    <property name="line.separator" value="&#10;"/>
    <property name="java.vm.specification.vendor" value="Oracle Corporation"/>
    <property name="java.specification.name" value="Java Platform API Specification"/>
    <property name="java.awt.graphicsenv" value="sun.awt.Win32GraphicsEnvironment"/>
    <property name="surefire.real.class.path" value="C:\Users\STEFAN~1.TOM\AppData\Local\Temp\surefire2776659725561620623\surefirebooter14814546148637325321.jar"/>
    <property name="user.script" value=""/>
    <property name="sun.management.compiler" value="HotSpot 64-Bit Tiered Compilers"/>
    <property name="java.runtime.version" value="12.0.2+10"/>
    <property name="user.name" value="stefan.tomasik"/>
    <property name="path.separator" value=";"/>
    <property name="os.version" value="10.0"/>
    <property name="java.runtime.name" value="Java(TM) SE Runtime Environment"/>
    <property name="file.encoding" value="UTF-8"/>
    <property name="java.vm.name" value="Java HotSpot(TM) 64-Bit Server VM"/>
    <property name="maven.ext.class.path" value="C:\Projects\NetBeans-11.1\netbeans\java\maven-nblib\netbeans-eventspy.jar"/>
    <property name="localRepository" value="C:\Users\stefan.tomasik\.m2\repository"/>
    <property name="java.vendor.url.bug" value="https://bugreport.java.com/bugreport/"/>
    <property name="java.io.tmpdir" value="C:\Users\STEFAN~1.TOM\AppData\Local\Temp\"/>
    <property name="java.version" value="12.0.2"/>
    <property name="user.dir" value="C:\Users\stefan.tomasik\Documents\jerseywithspring\jerseydemo"/>
    <property name="os.arch" value="amd64"/>
    <property name="java.vm.specification.name" value="Java Virtual Machine Specification"/>
    <property name="sun.os.patch.level" value=""/>
    <property name="java.library.path" value="C:\Projects\Java\jdk-12.0.2\bin;C:\windows\Sun\Java\bin;C:\windows\system32;C:\windows;C:\Program Files (x86)\Common Files\Oracle\Java\javapath;C:\Python27\;C:\Python27\Scripts;C:\windows\system32;C:\windows;C:\windows\System32\Wbem;C:\windows\System32\WindowsPowerShell\v1.0\;C:\windows\System32\OpenSSH\;C:\Program Files\Git\cmd;%JAVA_HOME%\bin;C:\Program Files\nodejs\;C:\ProgramData\chocolatey\bin;;C:\Projects\Microsoft VS Code\bin;C:\Users\stefan.tomasik\AppData\Local\Microsoft\WindowsApps;C:\Projects\Docker Toolbox;C:\Projects\apache-maven-3.6.2\bin;C:\Users\stefan.tomasik\AppData\Roaming\npm;."/>
    <property name="java.vm.info" value="mixed mode, sharing"/>
    <property name="java.vendor" value="Oracle Corporation"/>
    <property name="java.vm.version" value="12.0.2+10"/>
    <property name="sun.io.unicode.encoding" value="UnicodeLittle"/>
    <property name="java.class.version" value="56.0"/>
  </properties>
  <testcase name="GetCustomer" classname="test.CustomerTest" time="1.076"/>
  <testcase name="UpdateCustomer" classname="test.CustomerTest" time="0.012">
    <error message="No value present" type="java.util.NoSuchElementException">java.util.NoSuchElementException: No value present
	at test.CustomerTest.UpdateCustomer(CustomerTest.java:59)
</error>
  </testcase>
  <testcase name="CreateCustomer" classname="test.CustomerTest" time="0.002"/>
  <testcase name="DeleteCustomer" classname="test.CustomerTest" time="0.002"/>
</testsuite>